SF:lib/src/event_bloc/bloc.dart
DA:5,0
DA:6,0
DA:21,2
DA:22,2
DA:38,0
DA:42,0
DA:44,0
DA:46,0
DA:47,0
DA:59,0
DA:63,0
DA:65,0
DA:67,0
DA:68,0
DA:74,0
DA:76,2
DA:79,4
LF:17
LH:4
end_of_record
SF:lib/src/event_bloc/debugger.dart
DA:21,5
DA:28,15
DA:57,5
DA:58,18
DA:61,3
DA:62,2
DA:63,2
DA:66,2
DA:72,2
DA:74,4
DA:78,6
DA:79,9
DA:80,6
LF:13
LH:13
end_of_record
SF:lib/src/event_bloc/event.dart
DA:11,7
DA:14,0
DA:22,7
DA:23,14
DA:29,7
LF:5
LH:4
end_of_record
SF:lib/src/event_bloc/event_channel.dart
DA:14,7
DA:55,7
DA:66,1
DA:67,4
DA:71,7
DA:72,7
DA:73,7
DA:82,7
DA:83,7
DA:85,13
DA:101,7
DA:106,14
DA:109,7
DA:110,14
DA:113,7
DA:118,7
DA:119,19
DA:128,0
DA:131,0
DA:136,0
DA:137,0
DA:147,1
DA:151,2
DA:153,1
DA:162,0
DA:163,0
DA:170,7
DA:171,12
DA:172,14
DA:175,21
DA:177,7
DA:182,23
DA:183,14
DA:184,14
DA:185,14
DA:189,5
DA:191,10
DA:192,10
DA:199,0
LF:39
LH:32
end_of_record
SF:lib/src/event_bloc/refresh.dart
DA:10,1
DA:27,1
DA:38,1
DA:39,1
DA:40,1
DA:44,1
DA:45,2
DA:46,1
DA:47,1
DA:48,1
DA:49,2
DA:53,0
DA:54,0
DA:65,1
DA:71,1
DA:73,1
DA:77,1
DA:78,2
DA:81,2
DA:82,2
DA:83,1
DA:84,2
DA:85,1
LF:23
LH:21
end_of_record
SF:lib/src/event_bloc/repository.dart
DA:20,5
DA:21,5
DA:22,10
DA:31,5
DA:34,25
DA:45,4
DA:46,4
DA:47,4
DA:61,12
DA:65,16
DA:67,4
DA:70,8
DA:71,8
LF:13
LH:13
end_of_record
SF:lib/src/widget/bloc_provider.dart
DA:8,0
DA:9,0
DA:27,1
DA:34,1
DA:38,1
DA:39,1
DA:40,3
DA:56,0
DA:57,0
DA:60,0
DA:61,0
DA:64,0
DA:68,0
DA:70,1
DA:71,1
DA:77,1
DA:79,1
DA:82,2
DA:89,5
DA:92,1
DA:94,1
DA:95,3
DA:96,2
DA:99,1
DA:101,1
DA:102,1
DA:103,3
DA:104,2
DA:105,1
DA:106,0
DA:109,2
LF:31
LH:22
end_of_record
SF:lib/src/widget/context.dart
DA:9,3
DA:10,6
DA:14,3
DA:17,0
DA:25,0
DA:28,0
DA:31,0
DA:32,0
LF:8
LH:3
end_of_record
SF:lib/src/widget/environment.dart
DA:34,1
DA:38,1
DA:54,1
DA:56,1
DA:57,0
DA:62,2
DA:67,1
DA:68,1
DA:72,1
DA:73,1
DA:77,4
DA:78,3
DA:79,2
DA:80,1
DA:82,3
DA:83,2
DA:86,3
DA:87,2
DA:88,3
DA:89,1
DA:91,3
DA:92,3
DA:95,1
DA:98,1
DA:100,1
DA:103,2
DA:104,3
DA:105,1
DA:108,1
DA:110,1
DA:118,2
DA:121,2
DA:122,4
DA:133,2
DA:139,1
DA:142,1
DA:143,1
DA:155,2
DA:161,1
DA:164,1
DA:165,1
LF:41
LH:40
end_of_record
SF:lib/src/widget/debugger.dart
DA:10,0
DA:26,0
DA:28,0
DA:29,0
DA:30,0
DA:32,0
DA:33,0
DA:36,0
DA:42,0
DA:43,0
DA:44,0
DA:45,0
DA:46,0
DA:47,0
LF:14
LH:0
end_of_record
SF:lib/src/widget/multi_provider.dart
DA:7,1
DA:19,1
DA:21,2
DA:22,0
DA:25,1
DA:26,3
DA:27,1
DA:39,1
DA:51,1
DA:53,2
DA:54,0
DA:57,1
DA:58,3
DA:59,1
LF:14
LH:12
end_of_record
SF:lib/src/widget/repository_provider.dart
DA:12,3
DA:19,1
DA:23,1
DA:24,4
DA:34,3
DA:35,3
DA:44,3
DA:46,3
DA:47,15
DA:49,8
DA:50,2
DA:52,6
DA:53,3
DA:55,12
DA:58,3
DA:60,6
DA:61,3
DA:62,6
DA:64,3
DA:67,3
DA:69,12
DA:70,3
DA:71,3
DA:72,6
DA:73,3
DA:74,3
LF:26
LH:26
end_of_record
